<?xml version="1.0" encoding="UTF-8"?>
<!-- Generated by org.testng.reporters.JUnitXMLReporter -->
<testsuite ignored="0" hostname="CHUTNEYYs-LAPTOP" failures="0" tests="3" name="Default test" time="5.429" errors="0" timestamp="2025-09-25T23:40:12 IST">
  <testcase classname="api.Day1.Basics" name="basicTest" time="3.397"/>
  <testcase classname="api.Day1.Basics" name="createUserTest" time="1.553"/>
  <testcase classname="api.Day1.Basics" name="deleteTest" time="0.316"/>
</testsuite> <!-- Default test -->
