<?xml version="1.0" encoding="UTF-8"?>
<!-- Generated by org.testng.reporters.JUnitXMLReporter -->
<testsuite ignored="0" hostname="XTEN-AV_1" failures="0" tests="4" name="Default test" time="3.158" errors="0" timestamp="2025-09-28T18:21:47 IST">
  <testcase classname="api.Day1.Basics" name="basicTest" time="2.231"/>
  <testcase classname="api.Day1.Basics" name="createUserTest" time="0.651"/>
  <testcase classname="api.Day1.Basics" name="updateUserTest" time="0.066"/>
  <testcase classname="api.Day1.Basics" name="deleteTest" time="0.155"/>
</testsuite> <!-- Default test -->
