<?xml version="1.0" encoding="UTF-8"?>
<!-- Generated by org.testng.reporters.JUnitXMLReporter -->
<testsuite ignored="0" hostname="XTEN-AV_1" failures="0" tests="6" name="Test" time="2.508" errors="0" timestamp="2025-10-04T17:53:48 IST">
  <testcase classname="dataDrivenExcelAndJSON.DDTexcel" name="testCreateUserFromExcel" time="0.86"/>
  <testcase classname="dataDrivenExcelAndJSON.DDTexcel" name="testCreateUserFromExcel" time="0.029"/>
  <testcase classname="dataDrivenExcelAndJSON.DDTexcel" name="testCreateUserFromExcel" time="0.031"/>
  <testcase classname="dataDrivenExcelAndJSON.DDTexcel" name="printNamesById" time="0.105"/>
  <testcase classname="dataDrivenExcelAndJSON.DDTexcel" name="deleteUserById" time="0.054"/>
  <testcase classname="dataDrivenExcelAndJSON.DDTexcel" name="verifyDeletionByIds" time="0.054"/>
</testsuite> <!-- Test -->
