<?xml version="1.0" encoding="UTF-8"?>
<testng-results ignored="0" total="6" passed="6" failed="0" skipped="0">
  <reporter-output>
  </reporter-output>
  <suite started-at="2025-10-04T00:08:32 IST" name="Default suite" finished-at="2025-10-04T00:08:35 IST" duration-ms="3019">
    <groups>
    </groups>
    <test started-at="2025-10-04T00:08:32 IST" name="Default test" finished-at="2025-10-04T00:08:35 IST" duration-ms="3019">
      <class name="dataDrivenExcelAndJSON.DDTexcel">
        <test-method is-config="true" signature="setup()[pri:0, instance:dataDrivenExcelAndJSON.DDTexcel@1165b38]" started-at="2025-10-04T00:08:32 IST" name="setup" finished-at="2025-10-04T00:08:32 IST" duration-ms="243" status="PASS">
          <reporter-output>
          </reporter-output>
        </test-method> <!-- setup -->
        <test-method signature="testCreateUserFromExcel(java.lang.String,java.lang.String,java.lang.String,java.lang.String,java.lang.String,java.lang.String,java.lang.String,java.lang.String,java.lang.String)[pri:1, instance:dataDrivenExcelAndJSON.DDTexcel@1165b38]" started-at="2025-10-04T00:08:33 IST" name="testCreateUserFromExcel" data-provider="ExcelUserData" finished-at="2025-10-04T00:08:34 IST" duration-ms="1364" status="PASS">
          <params>
            <param index="0">
              <value>
                <![CDATA[101.0]]>
              </value>
            </param>
            <param index="1">
              <value>
                <![CDATA[raj.dev@test.io]]>
              </value>
            </param>
            <param index="2">
              <value>
                <![CDATA[Raj]]>
              </value>
            </param>
            <param index="3">
              <value>
                <![CDATA[Dev]]>
              </value>
            </param>
            <param index="4">
              <value>
                <![CDATA[TRUE]]>
              </value>
            </param>
            <param index="5">
              <value>
                <![CDATA[11 Dev Lane]]>
              </value>
            </param>
            <param index="6">
              <value>
                <![CDATA[Delhi]]>
              </value>
            </param>
            <param index="7">
              <value>
                <![CDATA[110001.0]]>
              </value>
            </param>
            <param index="8">
              <value>
                <![CDATA[Java,API,Selenium]]>
              </value>
            </param>
          </params>
          <reporter-output>
          </reporter-output>
        </test-method> <!-- testCreateUserFromExcel -->
        <test-method signature="testCreateUserFromExcel(java.lang.String,java.lang.String,java.lang.String,java.lang.String,java.lang.String,java.lang.String,java.lang.String,java.lang.String,java.lang.String)[pri:1, instance:dataDrivenExcelAndJSON.DDTexcel@1165b38]" started-at="2025-10-04T00:08:34 IST" name="testCreateUserFromExcel" data-provider="ExcelUserData" finished-at="2025-10-04T00:08:34 IST" duration-ms="38" status="PASS">
          <params>
            <param index="0">
              <value>
                <![CDATA[102.0]]>
              </value>
            </param>
            <param index="1">
              <value>
                <![CDATA[priya.test@test.io]]>
              </value>
            </param>
            <param index="2">
              <value>
                <![CDATA[Priya]]>
              </value>
            </param>
            <param index="3">
              <value>
                <![CDATA[Tester]]>
              </value>
            </param>
            <param index="4">
              <value>
                <![CDATA[FALSE]]>
              </value>
            </param>
            <param index="5">
              <value>
                <![CDATA[22 QA Road]]>
              </value>
            </param>
            <param index="6">
              <value>
                <![CDATA[Mumbai]]>
              </value>
            </param>
            <param index="7">
              <value>
                <![CDATA[400001.0]]>
              </value>
            </param>
            <param index="8">
              <value>
                <![CDATA[Python,Postman,BDD]]>
              </value>
            </param>
          </params>
          <reporter-output>
          </reporter-output>
        </test-method> <!-- testCreateUserFromExcel -->
        <test-method signature="testCreateUserFromExcel(java.lang.String,java.lang.String,java.lang.String,java.lang.String,java.lang.String,java.lang.String,java.lang.String,java.lang.String,java.lang.String)[pri:1, instance:dataDrivenExcelAndJSON.DDTexcel@1165b38]" started-at="2025-10-04T00:08:34 IST" name="testCreateUserFromExcel" data-provider="ExcelUserData" finished-at="2025-10-04T00:08:34 IST" duration-ms="25" status="PASS">
          <params>
            <param index="0">
              <value>
                <![CDATA[103.0]]>
              </value>
            </param>
            <param index="1">
              <value>
                <![CDATA[karan.auto@test.io]]>
              </value>
            </param>
            <param index="2">
              <value>
                <![CDATA[Karan]]>
              </value>
            </param>
            <param index="3">
              <value>
                <![CDATA[Auto]]>
              </value>
            </param>
            <param index="4">
              <value>
                <![CDATA[TRUE]]>
              </value>
            </param>
            <param index="5">
              <value>
                <![CDATA[33 Automation St]]>
              </value>
            </param>
            <param index="6">
              <value>
                <![CDATA[Pune]]>
              </value>
            </param>
            <param index="7">
              <value>
                <![CDATA[411001.0]]>
              </value>
            </param>
            <param index="8">
              <value>
                <![CDATA[RestAssured,TestNG,Maven]]>
              </value>
            </param>
          </params>
          <reporter-output>
          </reporter-output>
        </test-method> <!-- testCreateUserFromExcel -->
        <test-method signature="printNamesById()[pri:2, instance:dataDrivenExcelAndJSON.DDTexcel@1165b38]" started-at="2025-10-04T00:08:34 IST" name="printNamesById" finished-at="2025-10-04T00:08:34 IST" depends-on-methods="dataDrivenExcelAndJSON.DDTexcel.testCreateUserFromExcel" duration-ms="112" status="PASS">
          <reporter-output>
          </reporter-output>
        </test-method> <!-- printNamesById -->
        <test-method signature="deleteUserById()[pri:3, instance:dataDrivenExcelAndJSON.DDTexcel@1165b38]" started-at="2025-10-04T00:08:34 IST" name="deleteUserById" finished-at="2025-10-04T00:08:34 IST" depends-on-methods="dataDrivenExcelAndJSON.DDTexcel.testCreateUserFromExcel" duration-ms="49" status="PASS">
          <reporter-output>
          </reporter-output>
        </test-method> <!-- deleteUserById -->
        <test-method signature="verifyDeletionByIds()[pri:4, instance:dataDrivenExcelAndJSON.DDTexcel@1165b38]" started-at="2025-10-04T00:08:34 IST" name="verifyDeletionByIds" finished-at="2025-10-04T00:08:35 IST" depends-on-methods="dataDrivenExcelAndJSON.DDTexcel.deleteUserById" duration-ms="63" status="PASS">
          <reporter-output>
          </reporter-output>
        </test-method> <!-- verifyDeletionByIds -->
      </class> <!-- dataDrivenExcelAndJSON.DDTexcel -->
    </test> <!-- Default test -->
  </suite> <!-- Default suite -->
</testng-results>
