<?xml version="1.0" encoding="UTF-8"?>
<testng-results ignored="0" total="2" passed="2" failed="0" skipped="0">
  <reporter-output>
  </reporter-output>
  <suite started-at="2025-10-02T23:57:05 IST" name="Default suite" finished-at="2025-10-02T23:57:06 IST" duration-ms="1388">
    <groups>
    </groups>
    <test started-at="2025-10-02T23:57:05 IST" name="Default test" finished-at="2025-10-02T23:57:06 IST" duration-ms="1388">
      <class name="serialDeserial.DemoSerializationAndDeserialization">
        <test-method signature="getUsersData()[pri:1, instance:serialDeserial.DemoSerializationAndDeserialization@351d00c0]" started-at="2025-10-02T23:57:05 IST" name="getUsersData" finished-at="2025-10-02T23:57:06 IST" duration-ms="1015" status="PASS">
          <reporter-output>
          </reporter-output>
        </test-method> <!-- getUsersData -->
        <test-method signature="createUser()[pri:2, instance:serialDeserial.DemoSerializationAndDeserialization@351d00c0]" started-at="2025-10-02T23:57:06 IST" name="createUser" finished-at="2025-10-02T23:57:06 IST" duration-ms="332" status="PASS">
          <reporter-output>
          </reporter-output>
        </test-method> <!-- createUser -->
      </class> <!-- serialDeserial.DemoSerializationAndDeserialization -->
    </test> <!-- Default test -->
  </suite> <!-- Default suite -->
</testng-results>
